2018-02-10 20:07:28,023|||main||||INFO||||||| Starting OpenstackClientApplication on INNOSDPC00004 with PID 15720 (D:\STS_Workspace_Openstack\openstack-client\target\classes started by SK00472486 in D:\STS_Workspace_Openstack\openstack-client)
2018-02-10 20:07:28,025|||main||||INFO||||||| No active profile set, falling back to default profiles: default
2018-02-10 20:07:28,057|||main||||INFO||||||| Refreshing org.springframework.boot.context.embedded.AnnotationConfigEmbeddedWebApplicationContext@3eb7fc54: startup date [Sat Feb 10 20:07:28 IST 2018]; root of context hierarchy
2018-02-10 20:07:28,241|||background-preinit||||INFO||||||| HV000001: Hibernate Validator 5.3.6.Final
2018-02-10 20:07:29,235|||main||||INFO||||||| Tomcat initialized with port(s): 8080 (http)
2018-02-10 20:07:29,245|||main||||INFO||||||| Starting service [Tomcat]
2018-02-10 20:07:29,246|||main||||INFO||||||| Starting Servlet Engine: Apache Tomcat/8.5.27
2018-02-10 20:07:29,388|||localhost-startStop-1||||INFO||||||| Initializing Spring embedded WebApplicationContext
2018-02-10 20:07:29,390|||localhost-startStop-1||||INFO||||||| Root WebApplicationContext: initialization completed in 1333 ms
2018-02-10 20:07:29,525|||localhost-startStop-1||||INFO||||||| Mapping servlet: 'dispatcherServlet' to [/]
2018-02-10 20:07:29,528|||localhost-startStop-1||||INFO||||||| Mapping filter: 'characterEncodingFilter' to: [/*]
2018-02-10 20:07:29,528|||localhost-startStop-1||||INFO||||||| Mapping filter: 'hiddenHttpMethodFilter' to: [/*]
2018-02-10 20:07:29,528|||localhost-startStop-1||||INFO||||||| Mapping filter: 'httpPutFormContentFilter' to: [/*]
2018-02-10 20:07:29,528|||localhost-startStop-1||||INFO||||||| Mapping filter: 'requestContextFilter' to: [/*]
2018-02-10 20:07:29,892|||main||||INFO||||||| Mapped "{[/openstack/singleImageOpenstackDeployment],methods=[POST],produces=[application/json]}" onto public java.lang.String org.acumos.openstack.client.controller.OpenstackServiceController.singleImageOpenstackDeployment(javax.servlet.http.HttpServletRequest,org.acumos.openstack.client.transport.OpenstackDeployBean,javax.servlet.http.HttpServletResponse) throws java.lang.Exception
2018-02-10 20:07:29,894|||main||||INFO||||||| Mapped "{[/v2/api-docs],methods=[GET],produces=[application/json || application/hal+json]}" onto public org.springframework.http.ResponseEntity<springfox.documentation.spring.web.json.Json> springfox.documentation.swagger2.web.Swagger2Controller.getDocumentation(java.lang.String,javax.servlet.http.HttpServletRequest)
2018-02-10 20:07:29,898|||main||||INFO||||||| Mapped "{[/swagger-resources]}" onto org.springframework.http.ResponseEntity<java.util.List<springfox.documentation.swagger.web.SwaggerResource>> springfox.documentation.swagger.web.ApiResourceController.swaggerResources()
2018-02-10 20:07:29,898|||main||||INFO||||||| Mapped "{[/swagger-resources/configuration/ui]}" onto org.springframework.http.ResponseEntity<springfox.documentation.swagger.web.UiConfiguration> springfox.documentation.swagger.web.ApiResourceController.uiConfiguration()
2018-02-10 20:07:29,899|||main||||INFO||||||| Mapped "{[/swagger-resources/configuration/security]}" onto org.springframework.http.ResponseEntity<springfox.documentation.swagger.web.SecurityConfiguration> springfox.documentation.swagger.web.ApiResourceController.securityConfiguration()
2018-02-10 20:07:29,901|||main||||INFO||||||| Mapped "{[/error]}" onto public org.springframework.http.ResponseEntity<java.util.Map<java.lang.String, java.lang.Object>> org.springframework.boot.autoconfigure.web.BasicErrorController.error(javax.servlet.http.HttpServletRequest)
2018-02-10 20:07:29,902|||main||||INFO||||||| Mapped "{[/error],produces=[text/html]}" onto public org.springframework.web.servlet.ModelAndView org.springframework.boot.autoconfigure.web.BasicErrorController.errorHtml(javax.servlet.http.HttpServletRequest,javax.servlet.http.HttpServletResponse)
2018-02-10 20:07:30,130|||main||||INFO||||||| Looking for @ControllerAdvice: org.springframework.boot.context.embedded.AnnotationConfigEmbeddedWebApplicationContext@3eb7fc54: startup date [Sat Feb 10 20:07:28 IST 2018]; root of context hierarchy
2018-02-10 20:07:30,185|||main||||INFO||||||| Mapped URL path [/webjars/**] onto handler of type [class org.springframework.web.servlet.resource.ResourceHttpRequestHandler]
2018-02-10 20:07:30,185|||main||||INFO||||||| Mapped URL path [/**] onto handler of type [class org.springframework.web.servlet.resource.ResourceHttpRequestHandler]
2018-02-10 20:07:30,215|||main||||INFO||||||| Mapped URL path [/**/favicon.ico] onto handler of type [class org.springframework.web.servlet.resource.ResourceHttpRequestHandler]
2018-02-10 20:07:30,340|||main||||INFO||||||| Registering beans for JMX exposure on startup
2018-02-10 20:07:30,347|||main||||INFO||||||| Starting beans in phase 2147483647
2018-02-10 20:07:30,347|||main||||INFO||||||| Context refreshed
2018-02-10 20:07:30,362|||main||||INFO||||||| Found 1 custom documentation plugin(s)
2018-02-10 20:07:30,372|||main||||INFO||||||| Scanning for api listing references
2018-02-10 20:07:30,465|||main||||INFO||||||| Initializing ProtocolHandler ["http-nio-8080"]
2018-02-10 20:07:30,471|||main||||INFO||||||| Starting ProtocolHandler ["http-nio-8080"]
2018-02-10 20:07:30,481|||main||||INFO||||||| Using a shared selector for servlet write/read
2018-02-10 20:07:30,497|||main||||INFO||||||| Tomcat started on port(s): 8080 (http)
2018-02-10 20:07:30,502|||main||||INFO||||||| Started OpenstackClientApplication in 2.67 seconds (JVM running for 3.305)
2018-02-10 20:07:39,652|||http-nio-8080-exec-1||||INFO||||||| Initializing Spring FrameworkServlet 'dispatcherServlet'
2018-02-10 20:07:39,652|||http-nio-8080-exec-1||||INFO||||||| FrameworkServlet 'dispatcherServlet': initialization started
2018-02-10 20:07:39,670|||http-nio-8080-exec-1||||INFO||||||| FrameworkServlet 'dispatcherServlet': initialization completed in 18 ms
2018-02-10 20:07:57,504|||http-nio-8080-exec-5||||INFO||||||| =======singleImageOpenstackDeployment===2======
2018-02-10 20:09:55,199|||RMI TCP Connection(11)-127.0.0.1||||INFO||||||| Application shutdown requested.
2018-02-10 20:09:55,199|||RMI TCP Connection(11)-127.0.0.1||||INFO||||||| Closing org.springframework.boot.context.embedded.AnnotationConfigEmbeddedWebApplicationContext@3eb7fc54: startup date [Sat Feb 10 20:07:28 IST 2018]; root of context hierarchy
2018-02-10 20:09:55,201|||RMI TCP Connection(11)-127.0.0.1||||INFO||||||| Stopping beans in phase 2147483647
2018-02-10 20:09:55,201|||RMI TCP Connection(11)-127.0.0.1||||INFO||||||| Unregistering JMX-exposed beans on shutdown
